Started GET "/products" for ::1 at 2023-05-12 22:34:02 -0300
  [1m[35m (6.3ms)[0m  [1m[35mCREATE TABLE "schema_migrations" ("version" varchar NOT NULL PRIMARY KEY)[0m
  [1m[35m (4.7ms)[0m  [1m[35mCREATE TABLE "ar_internal_metadata" ("key" varchar NOT NULL PRIMARY KEY, "value" varchar, "created_at" datetime(6) NOT NULL, "updated_at" datetime(6) NOT NULL)[0m
  [1m[36mActiveRecord::SchemaMigration Pluck (0.1ms)[0m  [1m[34mSELECT "schema_migrations"."version" FROM "schema_migrations" ORDER BY "schema_migrations"."version" ASC[0m
  
ActiveRecord::PendingMigrationError (

Migrations are pending. To resolve this issue, run:

        bin/rails db:migrate RAILS_ENV=development

You have 1 pending migration:

20230513013215_create_patrimonies.rb


):
  
activerecord (7.0.4.3) lib/active_record/migration.rb:627:in `check_pending!'
activerecord (7.0.4.3) lib/active_record/migration.rb:592:in `block (2 levels) in call'
activesupport (7.0.4.3) lib/active_support/file_update_checker.rb:83:in `execute'
activerecord (7.0.4.3) lib/active_record/migration.rb:597:in `block in call'
activerecord (7.0.4.3) lib/active_record/migration.rb:589:in `synchronize'
activerecord (7.0.4.3) lib/active_record/migration.rb:589:in `call'
actionpack (7.0.4.3) lib/action_dispatch/middleware/callbacks.rb:27:in `block in call'
activesupport (7.0.4.3) lib/active_support/callbacks.rb:99:in `run_callbacks'
actionpack (7.0.4.3) lib/action_dispatch/middleware/callbacks.rb:26:in `call'
actionpack (7.0.4.3) lib/action_dispatch/middleware/executor.rb:14:in `call'
actionpack (7.0.4.3) lib/action_dispatch/middleware/actionable_exceptions.rb:17:in `call'
actionpack (7.0.4.3) lib/action_dispatch/middleware/debug_exceptions.rb:28:in `call'
web-console (4.2.0) lib/web_console/middleware.rb:132:in `call_app'
web-console (4.2.0) lib/web_console/middleware.rb:28:in `block in call'
web-console (4.2.0) lib/web_console/middleware.rb:17:in `catch'
web-console (4.2.0) lib/web_console/middleware.rb:17:in `call'
actionpack (7.0.4.3) lib/action_dispatch/middleware/show_exceptions.rb:26:in `call'
railties (7.0.4.3) lib/rails/rack/logger.rb:40:in `call_app'
railties (7.0.4.3) lib/rails/rack/logger.rb:25:in `block in call'
activesupport (7.0.4.3) lib/active_support/tagged_logging.rb:99:in `block in tagged'
activesupport (7.0.4.3) lib/active_support/tagged_logging.rb:37:in `tagged'
activesupport (7.0.4.3) lib/active_support/tagged_logging.rb:99:in `tagged'
railties (7.0.4.3) lib/rails/rack/logger.rb:25:in `call'
sprockets-rails (3.4.2) lib/sprockets/rails/quiet_assets.rb:13:in `call'
actionpack (7.0.4.3) lib/action_dispatch/middleware/remote_ip.rb:93:in `call'
actionpack (7.0.4.3) lib/action_dispatch/middleware/request_id.rb:26:in `call'
rack (2.2.7) lib/rack/method_override.rb:24:in `call'
rack (2.2.7) lib/rack/runtime.rb:22:in `call'
activesupport (7.0.4.3) lib/active_support/cache/strategy/local_cache_middleware.rb:29:in `call'
actionpack (7.0.4.3) lib/action_dispatch/middleware/server_timing.rb:61:in `block in call'
actionpack (7.0.4.3) lib/action_dispatch/middleware/server_timing.rb:26:in `collect_events'
actionpack (7.0.4.3) lib/action_dispatch/middleware/server_timing.rb:60:in `call'
actionpack (7.0.4.3) lib/action_dispatch/middleware/executor.rb:14:in `call'
actionpack (7.0.4.3) lib/action_dispatch/middleware/static.rb:23:in `call'
rack (2.2.7) lib/rack/sendfile.rb:110:in `call'
actionpack (7.0.4.3) lib/action_dispatch/middleware/host_authorization.rb:137:in `call'
railties (7.0.4.3) lib/rails/engine.rb:530:in `call'
puma (5.6.5) lib/puma/configuration.rb:252:in `call'
puma (5.6.5) lib/puma/request.rb:77:in `block in handle_request'
puma (5.6.5) lib/puma/thread_pool.rb:340:in `with_force_shutdown'
puma (5.6.5) lib/puma/request.rb:76:in `handle_request'
puma (5.6.5) lib/puma/server.rb:443:in `process_client'
puma (5.6.5) lib/puma/thread_pool.rb:147:in `block in spawn_thread'
Started GET "/" for ::1 at 2023-05-12 22:34:04 -0300
  [1m[36mActiveRecord::SchemaMigration Pluck (0.1ms)[0m  [1m[34mSELECT "schema_migrations"."version" FROM "schema_migrations" ORDER BY "schema_migrations"."version" ASC[0m
  [1m[36mCACHE ActiveRecord::SchemaMigration Pluck (0.0ms)[0m  [1m[34mSELECT "schema_migrations"."version" FROM "schema_migrations" ORDER BY "schema_migrations"."version" ASC[0m
  
ActiveRecord::PendingMigrationError (

Migrations are pending. To resolve this issue, run:

        bin/rails db:migrate RAILS_ENV=development

You have 1 pending migration:

20230513013215_create_patrimonies.rb


):
  
activerecord (7.0.4.3) lib/active_record/migration.rb:627:in `check_pending!'
activerecord (7.0.4.3) lib/active_record/migration.rb:592:in `block (2 levels) in call'
activesupport (7.0.4.3) lib/active_support/file_update_checker.rb:83:in `execute'
activerecord (7.0.4.3) lib/active_record/migration.rb:597:in `block in call'
activerecord (7.0.4.3) lib/active_record/migration.rb:589:in `synchronize'
activerecord (7.0.4.3) lib/active_record/migration.rb:589:in `call'
actionpack (7.0.4.3) lib/action_dispatch/middleware/callbacks.rb:27:in `block in call'
activesupport (7.0.4.3) lib/active_support/callbacks.rb:99:in `run_callbacks'
actionpack (7.0.4.3) lib/action_dispatch/middleware/callbacks.rb:26:in `call'
actionpack (7.0.4.3) lib/action_dispatch/middleware/executor.rb:14:in `call'
actionpack (7.0.4.3) lib/action_dispatch/middleware/actionable_exceptions.rb:17:in `call'
actionpack (7.0.4.3) lib/action_dispatch/middleware/debug_exceptions.rb:28:in `call'
web-console (4.2.0) lib/web_console/middleware.rb:132:in `call_app'
web-console (4.2.0) lib/web_console/middleware.rb:28:in `block in call'
web-console (4.2.0) lib/web_console/middleware.rb:17:in `catch'
web-console (4.2.0) lib/web_console/middleware.rb:17:in `call'
actionpack (7.0.4.3) lib/action_dispatch/middleware/show_exceptions.rb:26:in `call'
railties (7.0.4.3) lib/rails/rack/logger.rb:40:in `call_app'
railties (7.0.4.3) lib/rails/rack/logger.rb:25:in `block in call'
activesupport (7.0.4.3) lib/active_support/tagged_logging.rb:99:in `block in tagged'
activesupport (7.0.4.3) lib/active_support/tagged_logging.rb:37:in `tagged'
activesupport (7.0.4.3) lib/active_support/tagged_logging.rb:99:in `tagged'
railties (7.0.4.3) lib/rails/rack/logger.rb:25:in `call'
sprockets-rails (3.4.2) lib/sprockets/rails/quiet_assets.rb:13:in `call'
actionpack (7.0.4.3) lib/action_dispatch/middleware/remote_ip.rb:93:in `call'
actionpack (7.0.4.3) lib/action_dispatch/middleware/request_id.rb:26:in `call'
rack (2.2.7) lib/rack/method_override.rb:24:in `call'
rack (2.2.7) lib/rack/runtime.rb:22:in `call'
activesupport (7.0.4.3) lib/active_support/cache/strategy/local_cache_middleware.rb:29:in `call'
actionpack (7.0.4.3) lib/action_dispatch/middleware/server_timing.rb:61:in `block in call'
actionpack (7.0.4.3) lib/action_dispatch/middleware/server_timing.rb:26:in `collect_events'
actionpack (7.0.4.3) lib/action_dispatch/middleware/server_timing.rb:60:in `call'
actionpack (7.0.4.3) lib/action_dispatch/middleware/executor.rb:14:in `call'
actionpack (7.0.4.3) lib/action_dispatch/middleware/static.rb:23:in `call'
rack (2.2.7) lib/rack/sendfile.rb:110:in `call'
actionpack (7.0.4.3) lib/action_dispatch/middleware/host_authorization.rb:137:in `call'
railties (7.0.4.3) lib/rails/engine.rb:530:in `call'
puma (5.6.5) lib/puma/configuration.rb:252:in `call'
puma (5.6.5) lib/puma/request.rb:77:in `block in handle_request'
puma (5.6.5) lib/puma/thread_pool.rb:340:in `with_force_shutdown'
puma (5.6.5) lib/puma/request.rb:76:in `handle_request'
puma (5.6.5) lib/puma/server.rb:443:in `process_client'
puma (5.6.5) lib/puma/thread_pool.rb:147:in `block in spawn_thread'
Started GET "/" for ::1 at 2023-05-12 22:34:06 -0300
  [1m[36mActiveRecord::SchemaMigration Pluck (0.0ms)[0m  [1m[34mSELECT "schema_migrations"."version" FROM "schema_migrations" ORDER BY "schema_migrations"."version" ASC[0m
  [1m[36mCACHE ActiveRecord::SchemaMigration Pluck (0.0ms)[0m  [1m[34mSELECT "schema_migrations"."version" FROM "schema_migrations" ORDER BY "schema_migrations"."version" ASC[0m
  
ActiveRecord::PendingMigrationError (

Migrations are pending. To resolve this issue, run:

        bin/rails db:migrate RAILS_ENV=development

You have 1 pending migration:

20230513013215_create_patrimonies.rb


):
  
activerecord (7.0.4.3) lib/active_record/migration.rb:627:in `check_pending!'
activerecord (7.0.4.3) lib/active_record/migration.rb:592:in `block (2 levels) in call'
activesupport (7.0.4.3) lib/active_support/file_update_checker.rb:83:in `execute'
activerecord (7.0.4.3) lib/active_record/migration.rb:597:in `block in call'
activerecord (7.0.4.3) lib/active_record/migration.rb:589:in `synchronize'
activerecord (7.0.4.3) lib/active_record/migration.rb:589:in `call'
actionpack (7.0.4.3) lib/action_dispatch/middleware/callbacks.rb:27:in `block in call'
activesupport (7.0.4.3) lib/active_support/callbacks.rb:99:in `run_callbacks'
actionpack (7.0.4.3) lib/action_dispatch/middleware/callbacks.rb:26:in `call'
actionpack (7.0.4.3) lib/action_dispatch/middleware/executor.rb:14:in `call'
actionpack (7.0.4.3) lib/action_dispatch/middleware/actionable_exceptions.rb:17:in `call'
actionpack (7.0.4.3) lib/action_dispatch/middleware/debug_exceptions.rb:28:in `call'
web-console (4.2.0) lib/web_console/middleware.rb:132:in `call_app'
web-console (4.2.0) lib/web_console/middleware.rb:28:in `block in call'
web-console (4.2.0) lib/web_console/middleware.rb:17:in `catch'
web-console (4.2.0) lib/web_console/middleware.rb:17:in `call'
actionpack (7.0.4.3) lib/action_dispatch/middleware/show_exceptions.rb:26:in `call'
railties (7.0.4.3) lib/rails/rack/logger.rb:40:in `call_app'
railties (7.0.4.3) lib/rails/rack/logger.rb:25:in `block in call'
activesupport (7.0.4.3) lib/active_support/tagged_logging.rb:99:in `block in tagged'
activesupport (7.0.4.3) lib/active_support/tagged_logging.rb:37:in `tagged'
activesupport (7.0.4.3) lib/active_support/tagged_logging.rb:99:in `tagged'
railties (7.0.4.3) lib/rails/rack/logger.rb:25:in `call'
sprockets-rails (3.4.2) lib/sprockets/rails/quiet_assets.rb:13:in `call'
actionpack (7.0.4.3) lib/action_dispatch/middleware/remote_ip.rb:93:in `call'
actionpack (7.0.4.3) lib/action_dispatch/middleware/request_id.rb:26:in `call'
rack (2.2.7) lib/rack/method_override.rb:24:in `call'
rack (2.2.7) lib/rack/runtime.rb:22:in `call'
activesupport (7.0.4.3) lib/active_support/cache/strategy/local_cache_middleware.rb:29:in `call'
actionpack (7.0.4.3) lib/action_dispatch/middleware/server_timing.rb:61:in `block in call'
actionpack (7.0.4.3) lib/action_dispatch/middleware/server_timing.rb:26:in `collect_events'
actionpack (7.0.4.3) lib/action_dispatch/middleware/server_timing.rb:60:in `call'
actionpack (7.0.4.3) lib/action_dispatch/middleware/executor.rb:14:in `call'
actionpack (7.0.4.3) lib/action_dispatch/middleware/static.rb:23:in `call'
rack (2.2.7) lib/rack/sendfile.rb:110:in `call'
actionpack (7.0.4.3) lib/action_dispatch/middleware/host_authorization.rb:137:in `call'
railties (7.0.4.3) lib/rails/engine.rb:530:in `call'
puma (5.6.5) lib/puma/configuration.rb:252:in `call'
puma (5.6.5) lib/puma/request.rb:77:in `block in handle_request'
puma (5.6.5) lib/puma/thread_pool.rb:340:in `with_force_shutdown'
puma (5.6.5) lib/puma/request.rb:76:in `handle_request'
puma (5.6.5) lib/puma/server.rb:443:in `process_client'
puma (5.6.5) lib/puma/thread_pool.rb:147:in `block in spawn_thread'
  [1m[36mActiveRecord::SchemaMigration Pluck (0.1ms)[0m  [1m[34mSELECT "schema_migrations"."version" FROM "schema_migrations" ORDER BY "schema_migrations"."version" ASC[0m
Migrating to CreatePatrimonies (20230513013215)
  [1m[36mTRANSACTION (0.0ms)[0m  [1m[36mbegin transaction[0m
  [1m[35m (0.2ms)[0m  [1m[35mCREATE TABLE "patrimonies" ("id" integer PRIMARY KEY AUTOINCREMENT NOT NULL, "amount" float, "created_at" datetime(6) NOT NULL, "updated_at" datetime(6) NOT NULL)[0m
  [1m[36mActiveRecord::SchemaMigration Create (0.1ms)[0m  [1m[32mINSERT INTO "schema_migrations" ("version") VALUES (?)[0m  [["version", "20230513013215"]]
  [1m[36mTRANSACTION (4.5ms)[0m  [1m[36mcommit transaction[0m
  [1m[36mActiveRecord::InternalMetadata Load (0.1ms)[0m  [1m[34mSELECT "ar_internal_metadata".* FROM "ar_internal_metadata" WHERE "ar_internal_metadata"."key" = ? LIMIT ?[0m  [["key", "environment"], ["LIMIT", 1]]
  [1m[36mTRANSACTION (0.0ms)[0m  [1m[36mbegin transaction[0m
  [1m[36mActiveRecord::InternalMetadata Create (0.2ms)[0m  [1m[32mINSERT INTO "ar_internal_metadata" ("key", "value", "created_at", "updated_at") VALUES (?, ?, ?, ?)[0m  [["key", "environment"], ["value", "development"], ["created_at", "2023-05-13 01:35:22.448613"], ["updated_at", "2023-05-13 01:35:22.448613"]]
  [1m[36mTRANSACTION (3.4ms)[0m  [1m[36mcommit transaction[0m
  [1m[36mActiveRecord::SchemaMigration Pluck (0.0ms)[0m  [1m[34mSELECT "schema_migrations"."version" FROM "schema_migrations" ORDER BY "schema_migrations"."version" ASC[0m
Started GET "/" for ::1 at 2023-05-12 22:35:36 -0300
  [1m[36mActiveRecord::SchemaMigration Pluck (0.1ms)[0m  [1m[34mSELECT "schema_migrations"."version" FROM "schema_migrations" ORDER BY "schema_migrations"."version" ASC[0m
Processing by Rails::WelcomeController#index as HTML
  Rendering /var/lib/gems/2.7.0/gems/railties-7.0.4.3/lib/rails/templates/rails/welcome/index.html.erb
  Rendered /var/lib/gems/2.7.0/gems/railties-7.0.4.3/lib/rails/templates/rails/welcome/index.html.erb (Duration: 0.9ms | Allocations: 661)
Completed 200 OK in 18ms (Views: 2.0ms | ActiveRecord: 0.0ms | Allocations: 5831)


Started GET "/" for ::1 at 2023-05-12 22:36:55 -0300
  
ActionController::RoutingError (uninitialized constant PatrimonyController):
  
Started GET "/" for ::1 at 2023-05-12 22:38:22 -0300
Processing by PatrimonyController#index as HTML
  Rendering layout layouts/application.html.erb
  Rendering patrimony/index.html.erb within layouts/application
  Rendered patrimony/index.html.erb within layouts/application (Duration: 0.2ms | Allocations: 108)
  Rendered layout layouts/application.html.erb (Duration: 122.7ms | Allocations: 98317)
Completed 200 OK in 125ms (Views: 123.9ms | Allocations: 99255)


Started GET "/" for ::1 at 2023-05-12 22:41:59 -0300
Processing by PatrimonyController#index as HTML
  Rendering layout layouts/application.html.erb
  Rendering patrimony/index.html.erb within layouts/application
  Rendered patrimony/index.html.erb within layouts/application (Duration: 0.2ms | Allocations: 105)
Started GET "/" for ::1 at 2023-05-12 22:44:03 -0300
  [1m[36mActiveRecord::SchemaMigration Pluck (0.1ms)[0m  [1m[34mSELECT "schema_migrations"."version" FROM "schema_migrations" ORDER BY "schema_migrations"."version" ASC[0m
Processing by PatrimonyController#index as HTML
  Rendering layout layouts/application.html.erb
  Rendering patrimony/index.html.erb within layouts/application
  Rendered patrimony/index.html.erb within layouts/application (Duration: 0.5ms | Allocations: 299)
  Rendered shared/_menu.html.erb (Duration: 0.2ms | Allocations: 110)
  Rendered layout layouts/application.html.erb (Duration: 27.0ms | Allocations: 34887)
Completed 200 OK in 45ms (Views: 40.7ms | ActiveRecord: 0.0ms | Allocations: 39797)


  [1m[36mActiveRecord::SchemaMigration Pluck (0.1ms)[0m  [1m[34mSELECT "schema_migrations"."version" FROM "schema_migrations" ORDER BY "schema_migrations"."version" ASC[0m
Migrating to CreateExpenses (20230513014832)
  [1m[36mTRANSACTION (0.1ms)[0m  [1m[36mbegin transaction[0m
  [1m[35m (0.2ms)[0m  [1m[35mCREATE TABLE "expenses" ("id" integer PRIMARY KEY AUTOINCREMENT NOT NULL, "amount" float, "fixed" boolean, "payed_at" date, "name" varchar, "created_at" datetime(6) NOT NULL, "updated_at" datetime(6) NOT NULL)[0m
  [1m[36mActiveRecord::SchemaMigration Create (0.2ms)[0m  [1m[32mINSERT INTO "schema_migrations" ("version") VALUES (?)[0m  [["version", "20230513014832"]]
  [1m[36mTRANSACTION (4.8ms)[0m  [1m[36mcommit transaction[0m
  [1m[36mActiveRecord::InternalMetadata Load (0.1ms)[0m  [1m[34mSELECT "ar_internal_metadata".* FROM "ar_internal_metadata" WHERE "ar_internal_metadata"."key" = ? LIMIT ?[0m  [["key", "environment"], ["LIMIT", 1]]
  [1m[36mActiveRecord::SchemaMigration Pluck (0.0ms)[0m  [1m[34mSELECT "schema_migrations"."version" FROM "schema_migrations" ORDER BY "schema_migrations"."version" ASC[0m
Started GET "/products" for ::1 at 2023-05-12 22:56:11 -0300
  [1m[36mActiveRecord::SchemaMigration Pluck (0.1ms)[0m  [1m[34mSELECT "schema_migrations"."version" FROM "schema_migrations" ORDER BY "schema_migrations"."version" ASC[0m
  
ActionController::RoutingError (No route matches [GET] "/products"):
  
Started GET "/expenses" for ::1 at 2023-05-12 22:56:14 -0300
  
ActionController::RoutingError (uninitialized constant ExpensesController
Did you mean?  ExpenseController):
  
Started GET "/expenses" for ::1 at 2023-05-12 22:59:11 -0300
  
ActionController::RoutingError (uninitialized constant ExpensesController
Did you mean?  ExpenseController):
  
Started GET "/expenses" for ::1 at 2023-05-12 22:59:12 -0300
  
ActionController::RoutingError (uninitialized constant ExpensesController
Did you mean?  ExpenseController):
  
Started GET "/expenses" for ::1 at 2023-05-12 22:59:13 -0300
  
ActionController::RoutingError (uninitialized constant ExpensesController
Did you mean?  ExpenseController):
  
Started GET "/expenses" for ::1 at 2023-05-12 22:59:13 -0300
  
ActionController::RoutingError (uninitialized constant ExpensesController
Did you mean?  ExpenseController):
  
Started GET "/expenses" for ::1 at 2023-05-12 22:59:46 -0300
  
ActionController::RoutingError (uninitialized constant ExpensesController
Did you mean?  ExpenseController):
  
Started GET "/expenses" for ::1 at 2023-05-12 22:59:47 -0300
  
ActionController::RoutingError (uninitialized constant ExpensesController
Did you mean?  ExpenseController):
  
Started GET "/expenses" for ::1 at 2023-05-12 22:59:47 -0300
  
ActionController::RoutingError (uninitialized constant ExpensesController
Did you mean?  ExpenseController):
  
Started GET "/expenses" for ::1 at 2023-05-12 22:59:47 -0300
  
ActionController::RoutingError (uninitialized constant ExpensesController
Did you mean?  ExpenseController):
  
Started GET "/expenses" for ::1 at 2023-05-12 22:59:47 -0300
  
ActionController::RoutingError (uninitialized constant ExpensesController
Did you mean?  ExpenseController):
  
Started GET "/expenses" for ::1 at 2023-05-12 22:59:48 -0300
  
ActionController::RoutingError (uninitialized constant ExpensesController
Did you mean?  ExpenseController):
  
Started GET "/expenses" for ::1 at 2023-05-12 22:59:48 -0300
  
ActionController::RoutingError (uninitialized constant ExpensesController
Did you mean?  ExpenseController):
  
Started GET "/expenses" for ::1 at 2023-05-12 22:59:48 -0300
  
ActionController::RoutingError (uninitialized constant ExpensesController
Did you mean?  ExpenseController):
  
Started GET "/expenses" for ::1 at 2023-05-12 22:59:48 -0300
  
ActionController::RoutingError (uninitialized constant ExpensesController
Did you mean?  ExpenseController):
  
Started GET "/expenses" for ::1 at 2023-05-12 22:59:48 -0300
  
ActionController::RoutingError (uninitialized constant ExpensesController
Did you mean?  ExpenseController):
  
Started GET "/expenses" for ::1 at 2023-05-12 22:59:49 -0300
  
ActionController::RoutingError (uninitialized constant ExpensesController
Did you mean?  ExpenseController):
  
Started GET "/expenses" for ::1 at 2023-05-12 22:59:49 -0300
  
ActionController::RoutingError (uninitialized constant ExpensesController
Did you mean?  ExpenseController):
  
Started GET "/expenses" for ::1 at 2023-05-12 22:59:49 -0300
  
ActionController::RoutingError (uninitialized constant ExpensesController
Did you mean?  ExpenseController):
  
Started GET "/expenses" for ::1 at 2023-05-12 22:59:49 -0300
  
ActionController::RoutingError (uninitialized constant ExpensesController
Did you mean?  ExpenseController):
  
Started GET "/expenses" for ::1 at 2023-05-12 22:59:53 -0300
  [1m[36mActiveRecord::SchemaMigration Pluck (0.1ms)[0m  [1m[34mSELECT "schema_migrations"."version" FROM "schema_migrations" ORDER BY "schema_migrations"."version" ASC[0m
  
ActionController::RoutingError (uninitialized constant ExpensesController
Did you mean?  ExpenseController):
  
Started GET "/expenses" for ::1 at 2023-05-12 22:59:54 -0300
  
ActionController::RoutingError (uninitialized constant ExpensesController
Did you mean?  ExpenseController):
  
Started GET "/expenses" for ::1 at 2023-05-12 22:59:54 -0300
  
ActionController::RoutingError (uninitialized constant ExpensesController
Did you mean?  ExpenseController):
  
Started GET "/expenses" for ::1 at 2023-05-12 22:59:54 -0300
  
ActionController::RoutingError (uninitialized constant ExpensesController
Did you mean?  ExpenseController):
  
Started GET "/expense" for ::1 at 2023-05-12 22:59:56 -0300
  
ActionController::RoutingError (No route matches [GET] "/expense"):
  
Started GET "/expenses" for ::1 at 2023-05-12 23:00:12 -0300
  
ActionController::RoutingError (No route matches [GET] "/expenses"):
  
Started GET "/expenses" for ::1 at 2023-05-12 23:00:16 -0300
  
ActionController::RoutingError (uninitialized constant ExpensesController
Did you mean?  ExpenseController):
  
Started GET "/expenses" for ::1 at 2023-05-12 23:01:41 -0300
  
ActionController::RoutingError (uninitialized constant ExpensesController
Did you mean?  ExpenseController):
  
Started GET "/expenses" for ::1 at 2023-05-12 23:01:42 -0300
  
ActionController::RoutingError (uninitialized constant ExpensesController
Did you mean?  ExpenseController):
  
Started GET "/expenses" for ::1 at 2023-05-12 23:01:55 -0300
  
ActionController::RoutingError (uninitialized constant ExpensesController
Did you mean?  ExpenseController):
  
Started GET "/expenses" for ::1 at 2023-05-12 23:01:56 -0300
  
ActionController::RoutingError (uninitialized constant ExpensesController
Did you mean?  ExpenseController):
  
Started GET "/expenses" for ::1 at 2023-05-12 23:01:56 -0300
  
ActionController::RoutingError (uninitialized constant ExpensesController
Did you mean?  ExpenseController):
  
Started GET "/expenses" for ::1 at 2023-05-12 23:01:56 -0300
  
ActionController::RoutingError (uninitialized constant ExpensesController
Did you mean?  ExpenseController):
  
Started GET "/expenses" for ::1 at 2023-05-12 23:01:56 -0300
  
ActionController::RoutingError (uninitialized constant ExpensesController
Did you mean?  ExpenseController):
  
Started GET "/expenses" for ::1 at 2023-05-12 23:02:03 -0300
  
ActionController::RoutingError (uninitialized constant ExpensesController
Did you mean?  ExpenseController):
  
Started GET "/expenses" for ::1 at 2023-05-12 23:02:04 -0300
  
ActionController::RoutingError (uninitialized constant ExpensesController
Did you mean?  ExpenseController):
  
Started GET "/expenses" for ::1 at 2023-05-12 23:02:04 -0300
  
ActionController::RoutingError (uninitialized constant ExpensesController
Did you mean?  ExpenseController):
  
Started GET "/expenses" for ::1 at 2023-05-12 23:02:04 -0300
  
ActionController::RoutingError (uninitialized constant ExpensesController
Did you mean?  ExpenseController):
  
Started GET "/expenses" for ::1 at 2023-05-12 23:02:04 -0300
  
ActionController::RoutingError (uninitialized constant ExpensesController
Did you mean?  ExpenseController):
  
Started GET "/expenses" for ::1 at 2023-05-12 23:02:05 -0300
  
ActionController::RoutingError (uninitialized constant ExpensesController
Did you mean?  ExpenseController):
  
Started GET "/expenses" for ::1 at 2023-05-12 23:02:05 -0300
  
ActionController::RoutingError (uninitialized constant ExpensesController
Did you mean?  ExpenseController):
  
Started GET "/expenses" for ::1 at 2023-05-12 23:02:05 -0300
  
ActionController::RoutingError (uninitialized constant ExpensesController
Did you mean?  ExpenseController):
  
Started GET "/expenses" for ::1 at 2023-05-12 23:02:05 -0300
  
ActionController::RoutingError (uninitialized constant ExpensesController
Did you mean?  ExpenseController):
  
Started GET "/expenses" for ::1 at 2023-05-12 23:02:05 -0300
  
ActionController::RoutingError (uninitialized constant ExpensesController
Did you mean?  ExpenseController):
  
Started GET "/expenses" for ::1 at 2023-05-12 23:02:12 -0300
  
ActionController::RoutingError (No route matches [GET] "/expenses"):
  
Started GET "/expenses" for ::1 at 2023-05-12 23:02:13 -0300
  
ActionController::RoutingError (No route matches [GET] "/expenses"):
  
Started GET "/expenses" for ::1 at 2023-05-12 23:02:13 -0300
  
ActionController::RoutingError (No route matches [GET] "/expenses"):
  
Started GET "/expenses" for ::1 at 2023-05-12 23:02:13 -0300
  
ActionController::RoutingError (No route matches [GET] "/expenses"):
  
Started GET "/expenses" for ::1 at 2023-05-12 23:02:48 -0300
  
ActionController::RoutingError (uninitialized constant ExpensesController
Did you mean?  ExpenseController):
  
Started GET "/expenses" for ::1 at 2023-05-12 23:02:49 -0300
  
ActionController::RoutingError (uninitialized constant ExpensesController
Did you mean?  ExpenseController):
  
Started GET "/expenses" for ::1 at 2023-05-12 23:02:49 -0300
  
ActionController::RoutingError (uninitialized constant ExpensesController
Did you mean?  ExpenseController):
  
Started GET "/expenses" for ::1 at 2023-05-12 23:02:50 -0300
  
ActionController::RoutingError (uninitialized constant ExpensesController
Did you mean?  ExpenseController):
  
Started GET "/expenses" for ::1 at 2023-05-12 23:03:00 -0300
  
ActionController::RoutingError (uninitialized constant ExpensesController
Did you mean?  ExpenseController):
  
Started GET "/expenses" for ::1 at 2023-05-12 23:03:01 -0300
  
ActionController::RoutingError (uninitialized constant ExpensesController
Did you mean?  ExpenseController):
  
Started GET "/expenses" for ::1 at 2023-05-12 23:03:01 -0300
  
ActionController::RoutingError (uninitialized constant ExpensesController
Did you mean?  ExpenseController):
  
Started GET "/expenses" for ::1 at 2023-05-12 23:03:01 -0300
  
ActionController::RoutingError (uninitialized constant ExpensesController
Did you mean?  ExpenseController):
  
Started GET "/expenses" for ::1 at 2023-05-12 23:03:22 -0300
  [1m[36mActiveRecord::SchemaMigration Pluck (0.1ms)[0m  [1m[34mSELECT "schema_migrations"."version" FROM "schema_migrations" ORDER BY "schema_migrations"."version" ASC[0m
Processing by ExpensesController#index as HTML
  Rendering layout layouts/application.html.erb
  Rendering expenses/index.html.erb within layouts/application
  Rendered expenses/index.html.erb within layouts/application (Duration: 0.8ms | Allocations: 308)
  Rendered shared/_menu.html.erb (Duration: 0.3ms | Allocations: 126)
  Rendered layout layouts/application.html.erb (Duration: 28.4ms | Allocations: 34997)
Completed 200 OK in 44ms (Views: 29.5ms | ActiveRecord: 0.0ms | Allocations: 39908)


Started GET "/expenses" for ::1 at 2023-05-12 23:03:23 -0300
Processing by ExpensesController#index as HTML
  Rendering layout layouts/application.html.erb
  Rendering expenses/index.html.erb within layouts/application
  Rendered expenses/index.html.erb within layouts/application (Duration: 0.0ms | Allocations: 7)
  Rendered shared/_menu.html.erb (Duration: 0.1ms | Allocations: 9)
  Rendered layout layouts/application.html.erb (Duration: 4.1ms | Allocations: 2476)
Completed 200 OK in 5ms (Views: 4.7ms | ActiveRecord: 0.0ms | Allocations: 2721)


Started GET "/expenses" for ::1 at 2023-05-12 23:03:23 -0300
Processing by ExpensesController#index as HTML
  Rendering layout layouts/application.html.erb
  Rendering expenses/index.html.erb within layouts/application
  Rendered expenses/index.html.erb within layouts/application (Duration: 0.0ms | Allocations: 7)
  Rendered shared/_menu.html.erb (Duration: 0.0ms | Allocations: 9)
  Rendered layout layouts/application.html.erb (Duration: 3.8ms | Allocations: 2476)
Completed 200 OK in 5ms (Views: 4.2ms | ActiveRecord: 0.0ms | Allocations: 2720)


Started GET "/expenses" for ::1 at 2023-05-12 23:03:24 -0300
Processing by ExpensesController#index as HTML
  Rendering layout layouts/application.html.erb
  Rendering expenses/index.html.erb within layouts/application
  Rendered expenses/index.html.erb within layouts/application (Duration: 0.0ms | Allocations: 7)
  Rendered shared/_menu.html.erb (Duration: 0.0ms | Allocations: 9)
  Rendered layout layouts/application.html.erb (Duration: 2.7ms | Allocations: 2470)
Completed 200 OK in 4ms (Views: 3.2ms | ActiveRecord: 0.0ms | Allocations: 2718)


Started GET "/expenses" for ::1 at 2023-05-12 23:03:24 -0300
Processing by ExpensesController#index as HTML
  Rendering layout layouts/application.html.erb
  Rendering expenses/index.html.erb within layouts/application
  Rendered expenses/index.html.erb within layouts/application (Duration: 0.0ms | Allocations: 7)
  Rendered shared/_menu.html.erb (Duration: 0.0ms | Allocations: 9)
  Rendered layout layouts/application.html.erb (Duration: 2.6ms | Allocations: 2480)
Completed 200 OK in 3ms (Views: 2.9ms | ActiveRecord: 0.0ms | Allocations: 2724)


Started GET "/expenses" for ::1 at 2023-05-12 23:03:24 -0300
Processing by ExpensesController#index as HTML
  Rendering layout layouts/application.html.erb
  Rendering expenses/index.html.erb within layouts/application
  Rendered expenses/index.html.erb within layouts/application (Duration: 0.0ms | Allocations: 7)
  Rendered shared/_menu.html.erb (Duration: 0.0ms | Allocations: 9)
  Rendered layout layouts/application.html.erb (Duration: 2.2ms | Allocations: 2472)
Completed 200 OK in 3ms (Views: 2.5ms | ActiveRecord: 0.0ms | Allocations: 2716)


Started GET "/expenses" for ::1 at 2023-05-12 23:03:24 -0300
Processing by ExpensesController#index as HTML
  Rendering layout layouts/application.html.erb
  Rendering expenses/index.html.erb within layouts/application
  Rendered expenses/index.html.erb within layouts/application (Duration: 0.0ms | Allocations: 7)
  Rendered shared/_menu.html.erb (Duration: 0.0ms | Allocations: 9)
  Rendered layout layouts/application.html.erb (Duration: 2.6ms | Allocations: 2458)
Completed 200 OK in 3ms (Views: 2.9ms | ActiveRecord: 0.0ms | Allocations: 2702)


Started GET "/expenses/new" for ::1 at 2023-05-12 23:12:57 -0300
Processing by ExpensesController#new as HTML
  Rendering layout layouts/application.html.erb
  Rendering expenses/new.html.erb within layouts/application
Started GET "/expenses/new" for ::1 at 2023-05-12 23:13:03 -0300
  [1m[36mActiveRecord::SchemaMigration Pluck (0.1ms)[0m  [1m[34mSELECT "schema_migrations"."version" FROM "schema_migrations" ORDER BY "schema_migrations"."version" ASC[0m
Processing by ExpensesController#new as HTML
  Rendering layout layouts/application.html.erb
  Rendering expenses/new.html.erb within layouts/application
Started GET "/expenses/new" for ::1 at 2023-05-12 23:13:21 -0300
  [1m[36mActiveRecord::SchemaMigration Pluck (0.1ms)[0m  [1m[34mSELECT "schema_migrations"."version" FROM "schema_migrations" ORDER BY "schema_migrations"."version" ASC[0m
Processing by ExpensesController#new as HTML
  Rendering layout layouts/application.html.erb
  Rendering expenses/new.html.erb within layouts/application
  Rendered expenses/new.html.erb within layouts/application (Duration: 0.4ms | Allocations: 308)
  Rendered shared/_menu.html.erb (Duration: 0.3ms | Allocations: 126)
  Rendered layout layouts/application.html.erb (Duration: 26.5ms | Allocations: 34820)
Completed 200 OK in 50ms (Views: 28.0ms | ActiveRecord: 0.3ms | Allocations: 56833)


Started GET "/expenses/new" for ::1 at 2023-05-12 23:13:33 -0300
Processing by ExpensesController#new as HTML
  Rendering layout layouts/application.html.erb
  Rendering expenses/new.html.erb within layouts/application
Started GET "/expenses/new" for ::1 at 2023-05-12 23:13:52 -0300
  [1m[36mActiveRecord::SchemaMigration Pluck (0.4ms)[0m  [1m[34mSELECT "schema_migrations"."version" FROM "schema_migrations" ORDER BY "schema_migrations"."version" ASC[0m
Processing by ExpensesController#new as HTML
  Rendering layout layouts/application.html.erb
  Rendering expenses/new.html.erb within layouts/application
  Rendered expenses/new.html.erb within layouts/application (Duration: 12.0ms | Allocations: 9107)
  Rendered layout layouts/application.html.erb (Duration: 12.2ms | Allocations: 9181)
Completed 500 Internal Server Error in 36ms (ActiveRecord: 0.4ms | Allocations: 31164)


  
ActionView::Template::Error (undefined local variable or method `any' for #<ActionView::Base:0x0000000000b658>
Did you mean?  and):
     7: 
     8:     <div>
     9:         <%= form.label :amount %>
    10:         <%= form.number_field :amount, step: any %>
    11:     </div>
    12: 
    13:     <div>
  
app/views/expenses/new.html.erb:10
app/views/expenses/new.html.erb:1
Started GET "/expenses/new" for ::1 at 2023-05-12 23:14:13 -0300
Processing by ExpensesController#new as HTML
  Rendering layout layouts/application.html.erb
  Rendering expenses/new.html.erb within layouts/application
  Rendered expenses/new.html.erb within layouts/application (Duration: 7.3ms | Allocations: 2804)
  Rendered shared/_menu.html.erb (Duration: 0.4ms | Allocations: 126)
  Rendered layout layouts/application.html.erb (Duration: 30.6ms | Allocations: 37214)
Completed 200 OK in 33ms (Views: 32.3ms | ActiveRecord: 0.0ms | Allocations: 38131)


Started GET "/expenses/new" for ::1 at 2023-05-12 23:14:42 -0300
Processing by ExpensesController#new as HTML
  Rendering layout layouts/application.html.erb
  Rendering expenses/new.html.erb within layouts/application
  Rendered expenses/new.html.erb within layouts/application (Duration: 3.0ms | Allocations: 1907)
  Rendered shared/_menu.html.erb (Duration: 0.3ms | Allocations: 124)
  Rendered layout layouts/application.html.erb (Duration: 7.0ms | Allocations: 4572)
Completed 200 OK in 8ms (Views: 7.9ms | ActiveRecord: 0.0ms | Allocations: 5480)


Started GET "/expenses/" for ::1 at 2023-05-12 23:54:02 -0300
Processing by ExpensesController#index as HTML
  Rendering layout layouts/application.html.erb
  Rendering expenses/index.html.erb within layouts/application
  [1m[36mExpense Load (0.1ms)[0m  [1m[34mSELECT "expenses".* FROM "expenses"[0m
  ↳ app/views/expenses/index.html.erb:4
  Rendered expenses/index.html.erb within layouts/application (Duration: 3.9ms | Allocations: 896)
  Rendered shared/_menu.html.erb (Duration: 1.1ms | Allocations: 124)
  Rendered layout layouts/application.html.erb (Duration: 12.0ms | Allocations: 3790)
Completed 200 OK in 17ms (Views: 14.7ms | ActiveRecord: 0.6ms | Allocations: 4709)


Started GET "/expenses/new" for ::1 at 2023-05-12 23:54:04 -0300
Processing by ExpensesController#new as HTML
  Rendering layout layouts/application.html.erb
  Rendering expenses/new.html.erb within layouts/application
  Rendered expenses/new.html.erb within layouts/application (Duration: 2.5ms | Allocations: 1847)
  Rendered shared/_menu.html.erb (Duration: 0.1ms | Allocations: 9)
  Rendered layout layouts/application.html.erb (Duration: 6.6ms | Allocations: 4091)
Completed 200 OK in 8ms (Views: 7.1ms | ActiveRecord: 0.0ms | Allocations: 4414)


Started GET "/expenses/new" for ::1 at 2023-05-13 00:13:30 -0300
Processing by ExpensesController#new as HTML
  Rendering layout layouts/application.html.erb
  Rendering expenses/new.html.erb within layouts/application
  Rendered expenses/new.html.erb within layouts/application (Duration: 5.5ms | Allocations: 1513)
  Rendered shared/_menu.html.erb (Duration: 0.1ms | Allocations: 9)
  Rendered layout layouts/application.html.erb (Duration: 12.5ms | Allocations: 3764)
Completed 200 OK in 17ms (Views: 13.9ms | Allocations: 4140)


Started POST "/expenses" for ::1 at 2023-05-13 00:13:38 -0300
  
ActionController::RoutingError (No route matches [POST] "/expenses"):
  
Started GET "/expenses/new" for ::1 at 2023-05-13 00:13:38 -0300
Processing by ExpensesController#new as HTML
  Rendering layout layouts/application.html.erb
  Rendering expenses/new.html.erb within layouts/application
  Rendered expenses/new.html.erb within layouts/application (Duration: 2.9ms | Allocations: 1528)
  Rendered shared/_menu.html.erb (Duration: 0.0ms | Allocations: 9)
  Rendered layout layouts/application.html.erb (Duration: 6.6ms | Allocations: 3763)
Completed 200 OK in 8ms (Views: 7.8ms | Allocations: 4028)


Started GET "/expenses/" for ::1 at 2023-05-13 00:13:42 -0300
Processing by ExpensesController#index as HTML
  Rendering layout layouts/application.html.erb
  Rendering expenses/index.html.erb within layouts/application
  [1m[36mExpense Load (0.1ms)[0m  [1m[34mSELECT "expenses".* FROM "expenses"[0m
  ↳ app/views/expenses/index.html.erb:4
  Rendered expenses/index.html.erb within layouts/application (Duration: 2.5ms | Allocations: 672)
  Rendered shared/_menu.html.erb (Duration: 0.1ms | Allocations: 9)
  Rendered layout layouts/application.html.erb (Duration: 8.2ms | Allocations: 3145)
Completed 200 OK in 10ms (Views: 9.1ms | ActiveRecord: 0.6ms | Allocations: 3404)


Started GET "/expenses/" for ::1 at 2023-05-13 00:13:43 -0300
Processing by ExpensesController#index as HTML
  Rendering layout layouts/application.html.erb
  Rendering expenses/index.html.erb within layouts/application
  [1m[36mExpense Load (0.2ms)[0m  [1m[34mSELECT "expenses".* FROM "expenses"[0m
  ↳ app/views/expenses/index.html.erb:4
  Rendered expenses/index.html.erb within layouts/application (Duration: 2.7ms | Allocations: 530)
  Rendered shared/_menu.html.erb (Duration: 0.1ms | Allocations: 9)
  Rendered layout layouts/application.html.erb (Duration: 11.4ms | Allocations: 3001)
Completed 200 OK in 13ms (Views: 12.0ms | ActiveRecord: 0.2ms | Allocations: 3259)


Started GET "/expenses/" for ::1 at 2023-05-13 00:28:39 -0300
  
SyntaxError (/home/gustavo-pinheiro/me/financial-projections/app/controllers/expenses_controller.rb:14: syntax error, unexpected `do'
        respond_to |format| do
                            ^~
/home/gustavo-pinheiro/me/financial-projections/app/controllers/expenses_controller.rb:28: syntax error, unexpected `end', expecting end-of-input):
  
app/controllers/expenses_controller.rb:14: syntax error, unexpected `do'
app/controllers/expenses_controller.rb:28: syntax error, unexpected `end', expecting end-of-input
app/controllers/expenses_controller.rb:14: syntax error, unexpected `do'
app/controllers/expenses_controller.rb:28: syntax error, unexpected `end', expecting end-of-input
app/controllers/expenses_controller.rb:14: syntax error, unexpected `do'
app/controllers/expenses_controller.rb:28: syntax error, unexpected `end', expecting end-of-input
Started GET "/expenses/" for ::1 at 2023-05-13 00:29:03 -0300
Processing by ExpensesController#index as HTML
  Rendering layout layouts/application.html.erb
  Rendering expenses/index.html.erb within layouts/application
  [1m[36mExpense Load (0.2ms)[0m  [1m[34mSELECT "expenses".* FROM "expenses"[0m
  ↳ app/views/expenses/index.html.erb:4
  Rendered expenses/index.html.erb within layouts/application (Duration: 3.7ms | Allocations: 678)
  Rendered shared/_menu.html.erb (Duration: 0.1ms | Allocations: 9)
  Rendered layout layouts/application.html.erb (Duration: 32.9ms | Allocations: 14563)
Completed 200 OK in 38ms (Views: 34.6ms | ActiveRecord: 0.6ms | Allocations: 15528)


Started GET "/expenses/new" for ::1 at 2023-05-13 00:29:04 -0300
Processing by ExpensesController#new as HTML
  Rendering layout layouts/application.html.erb
  Rendering expenses/new.html.erb within layouts/application
  Rendered expenses/new.html.erb within layouts/application (Duration: 5.8ms | Allocations: 1519)
  Rendered shared/_menu.html.erb (Duration: 0.1ms | Allocations: 9)
  Rendered layout layouts/application.html.erb (Duration: 11.6ms | Allocations: 3753)
Completed 200 OK in 19ms (Views: 12.9ms | ActiveRecord: 0.0ms | Allocations: 5470)


Started POST "/expenses" for ::1 at 2023-05-13 00:29:11 -0300
Processing by ExpensesController#create as TURBO_STREAM
  Parameters: {"authenticity_token"=>"[FILTERED]", "expense"=>{"name"=>"expense test", "amount"=>"5", "fixed"=>"1", "payed_at"=>"2023-05-13"}, "commit"=>"Create Expense"}
  [1m[36mTRANSACTION (0.1ms)[0m  [1m[36mbegin transaction[0m
  ↳ app/controllers/expenses_controller.rb:15:in `block in create'
  [1m[36mExpense Create (0.7ms)[0m  [1m[32mINSERT INTO "expenses" ("amount", "fixed", "payed_at", "name", "created_at", "updated_at") VALUES (?, ?, ?, ?, ?, ?)[0m  [["amount", 5.0], ["fixed", 1], ["payed_at", "2023-05-13"], ["name", "expense test"], ["created_at", "2023-05-13 03:29:11.020818"], ["updated_at", "2023-05-13 03:29:11.020818"]]
  ↳ app/controllers/expenses_controller.rb:15:in `block in create'
  [1m[36mTRANSACTION (4.4ms)[0m  [1m[36mcommit transaction[0m
  ↳ app/controllers/expenses_controller.rb:15:in `block in create'
Redirected to http://localhost:3000/expenses
Completed 302 Found in 20ms (ActiveRecord: 5.3ms | Allocations: 2908)


Started GET "/expenses" for ::1 at 2023-05-13 00:29:11 -0300
Processing by ExpensesController#index as TURBO_STREAM
  Rendering layout layouts/application.html.erb
  Rendering expenses/index.html.erb within layouts/application
  [1m[36mExpense Load (0.2ms)[0m  [1m[34mSELECT "expenses".* FROM "expenses"[0m
  ↳ app/views/expenses/index.html.erb:4
  Rendered expenses/_expense.html.erb (Duration: 1.0ms | Allocations: 220)
  Rendered expenses/index.html.erb within layouts/application (Duration: 19.5ms | Allocations: 7716)
  Rendered shared/_menu.html.erb (Duration: 0.1ms | Allocations: 8)
  Rendered layout layouts/application.html.erb (Duration: 27.2ms | Allocations: 10196)
Completed 200 OK in 30ms (Views: 28.0ms | ActiveRecord: 0.2ms | Allocations: 10506)


Started GET "/expenses/new" for ::1 at 2023-05-13 00:29:15 -0300
Processing by ExpensesController#new as HTML
  Rendering layout layouts/application.html.erb
  Rendering expenses/new.html.erb within layouts/application
  Rendered expenses/new.html.erb within layouts/application (Duration: 4.5ms | Allocations: 1519)
  Rendered shared/_menu.html.erb (Duration: 0.1ms | Allocations: 9)
  Rendered layout layouts/application.html.erb (Duration: 9.7ms | Allocations: 3756)
Completed 200 OK in 11ms (Views: 10.6ms | ActiveRecord: 0.0ms | Allocations: 4019)


Started POST "/expenses" for ::1 at 2023-05-13 00:29:22 -0300
Processing by ExpensesController#create as TURBO_STREAM
  Parameters: {"authenticity_token"=>"[FILTERED]", "expense"=>{"name"=>"gustavi nho", "amount"=>"123", "fixed"=>"1", "payed_at"=>"2023-05-13"}, "commit"=>"Create Expense"}
  [1m[36mTRANSACTION (0.2ms)[0m  [1m[36mbegin transaction[0m
  ↳ app/controllers/expenses_controller.rb:15:in `block in create'
  [1m[36mExpense Create (0.5ms)[0m  [1m[32mINSERT INTO "expenses" ("amount", "fixed", "payed_at", "name", "created_at", "updated_at") VALUES (?, ?, ?, ?, ?, ?)[0m  [["amount", 123.0], ["fixed", 1], ["payed_at", "2023-05-13"], ["name", "gustavi nho"], ["created_at", "2023-05-13 03:29:22.096039"], ["updated_at", "2023-05-13 03:29:22.096039"]]
  ↳ app/controllers/expenses_controller.rb:15:in `block in create'
  [1m[36mTRANSACTION (3.9ms)[0m  [1m[36mcommit transaction[0m
  ↳ app/controllers/expenses_controller.rb:15:in `block in create'
Redirected to http://localhost:3000/expenses
Completed 302 Found in 13ms (ActiveRecord: 4.5ms | Allocations: 2173)


Started GET "/expenses" for ::1 at 2023-05-13 00:29:22 -0300
Processing by ExpensesController#index as TURBO_STREAM
  Rendering layout layouts/application.html.erb
  Rendering expenses/index.html.erb within layouts/application
  [1m[36mExpense Load (0.2ms)[0m  [1m[34mSELECT "expenses".* FROM "expenses"[0m
  ↳ app/views/expenses/index.html.erb:4
  Rendered expenses/_expense.html.erb (Duration: 0.2ms | Allocations: 23)
  Rendered expenses/_expense.html.erb (Duration: 0.2ms | Allocations: 22)
  Rendered expenses/index.html.erb within layouts/application (Duration: 3.8ms | Allocations: 724)
  Rendered shared/_menu.html.erb (Duration: 0.1ms | Allocations: 8)
  Rendered layout layouts/application.html.erb (Duration: 11.1ms | Allocations: 3186)
Completed 200 OK in 13ms (Views: 11.9ms | ActiveRecord: 0.2ms | Allocations: 3448)


Started GET "/" for ::1 at 2023-05-13 00:30:21 -0300
Processing by PatrimonyController#index as HTML
  Rendering layout layouts/application.html.erb
  Rendering patrimony/index.html.erb within layouts/application
  Rendered patrimony/index.html.erb within layouts/application (Duration: 0.7ms | Allocations: 101)
  Rendered shared/_menu.html.erb (Duration: 1.6ms | Allocations: 188)
  Rendered layout layouts/application.html.erb (Duration: 13.6ms | Allocations: 3059)
Completed 200 OK in 18ms (Views: 16.3ms | ActiveRecord: 0.0ms | Allocations: 3945)


Started GET "/expenses" for ::1 at 2023-05-13 00:30:23 -0300
Processing by ExpensesController#index as HTML
  Rendering layout layouts/application.html.erb
  Rendering expenses/index.html.erb within layouts/application
  [1m[36mExpense Load (0.6ms)[0m  [1m[34mSELECT "expenses".* FROM "expenses"[0m
  ↳ app/views/expenses/index.html.erb:4
  Rendered expenses/_expense.html.erb (Duration: 1.4ms | Allocations: 212)
  Rendered expenses/_expense.html.erb (Duration: 0.1ms | Allocations: 22)
  Rendered expenses/index.html.erb within layouts/application (Duration: 7.6ms | Allocations: 1168)
  Rendered shared/_menu.html.erb (Duration: 0.2ms | Allocations: 39)
  Rendered layout layouts/application.html.erb (Duration: 14.8ms | Allocations: 3675)
Completed 200 OK in 19ms (Views: 17.0ms | ActiveRecord: 0.6ms | Allocations: 4403)


Started GET "/expenses" for ::1 at 2023-05-13 00:30:50 -0300
Processing by ExpensesController#index as HTML
  Rendering layout layouts/application.html.erb
  Rendering expenses/index.html.erb within layouts/application
  [1m[36mExpense Load (0.2ms)[0m  [1m[34mSELECT "expenses".* FROM "expenses"[0m
  ↳ app/views/expenses/index.html.erb:4
  Rendered expenses/_expense.html.erb (Duration: 1.0ms | Allocations: 212)
  Rendered expenses/_expense.html.erb (Duration: 0.2ms | Allocations: 22)
  Rendered expenses/index.html.erb within layouts/application (Duration: 5.8ms | Allocations: 1161)
  Rendered shared/_menu.html.erb (Duration: 1.2ms | Allocations: 175)
  Rendered layout layouts/application.html.erb (Duration: 15.4ms | Allocations: 4104)
Completed 200 OK in 23ms (Views: 20.7ms | ActiveRecord: 0.2ms | Allocations: 5002)


Started GET "/expenses" for ::1 at 2023-05-13 00:31:02 -0300
Processing by ExpensesController#index as HTML
  Rendering layout layouts/application.html.erb
  Rendering expenses/index.html.erb within layouts/application
  [1m[36mExpense Load (0.2ms)[0m  [1m[34mSELECT "expenses".* FROM "expenses"[0m
  ↳ app/views/expenses/index.html.erb:4
  Rendered expenses/_expense.html.erb (Duration: 0.3ms | Allocations: 23)
  Rendered expenses/_expense.html.erb (Duration: 0.2ms | Allocations: 22)
  Rendered expenses/index.html.erb within layouts/application (Duration: 5.3ms | Allocations: 720)
  Rendered shared/_menu.html.erb (Duration: 0.2ms | Allocations: 34)
  Rendered layout layouts/application.html.erb (Duration: 13.1ms | Allocations: 3220)
Completed 200 OK in 15ms (Views: 13.8ms | ActiveRecord: 0.2ms | Allocations: 3480)


Started GET "/expenses" for ::1 at 2023-05-13 00:36:08 -0300
Processing by ExpensesController#index as HTML
  Rendering layout layouts/application.html.erb
  Rendering expenses/index.html.erb within layouts/application
  [1m[36mExpense Load (0.3ms)[0m  [1m[34mSELECT "expenses".* FROM "expenses"[0m
  ↳ app/views/expenses/index.html.erb:4
  Rendered expenses/_expense.html.erb (Duration: 0.9ms | Allocations: 212)
  Rendered expenses/_expense.html.erb (Duration: 0.1ms | Allocations: 22)
  Rendered expenses/index.html.erb within layouts/application (Duration: 6.7ms | Allocations: 1161)
  Rendered shared/_menu.html.erb (Duration: 0.9ms | Allocations: 175)
  Rendered layout layouts/application.html.erb (Duration: 17.7ms | Allocations: 4109)
Completed 200 OK in 22ms (Views: 20.0ms | ActiveRecord: 0.3ms | Allocations: 5005)


Started GET "/" for ::1 at 2023-05-13 00:36:11 -0300
Processing by PatrimonyController#index as HTML
  Rendering layout layouts/application.html.erb
  Rendering patrimony/index.html.erb within layouts/application
  Rendered patrimony/index.html.erb within layouts/application (Duration: 0.7ms | Allocations: 100)
  Rendered shared/_menu.html.erb (Duration: 0.2ms | Allocations: 49)
  Rendered layout layouts/application.html.erb (Duration: 7.2ms | Allocations: 2611)
Completed 200 OK in 11ms (Views: 9.8ms | ActiveRecord: 0.0ms | Allocations: 3323)


Started GET "/expenses" for ::1 at 2023-05-13 00:36:13 -0300
Processing by ExpensesController#index as HTML
  Rendering layout layouts/application.html.erb
  Rendering expenses/index.html.erb within layouts/application
  [1m[36mExpense Load (0.3ms)[0m  [1m[34mSELECT "expenses".* FROM "expenses"[0m
  ↳ app/views/expenses/index.html.erb:4
  Rendered expenses/_expense.html.erb (Duration: 0.2ms | Allocations: 23)
  Rendered expenses/_expense.html.erb (Duration: 0.1ms | Allocations: 22)
  Rendered expenses/index.html.erb within layouts/application (Duration: 3.7ms | Allocations: 724)
  Rendered shared/_menu.html.erb (Duration: 0.2ms | Allocations: 35)
  Rendered layout layouts/application.html.erb (Duration: 12.0ms | Allocations: 3215)
Completed 200 OK in 14ms (Views: 12.5ms | ActiveRecord: 0.3ms | Allocations: 3475)


Started GET "/expenses/new" for ::1 at 2023-05-13 00:36:16 -0300
Processing by ExpensesController#new as HTML
  Rendering layout layouts/application.html.erb
  Rendering expenses/new.html.erb within layouts/application
  Rendered expenses/new.html.erb within layouts/application (Duration: 2.7ms | Allocations: 1853)
  Rendered shared/_menu.html.erb (Duration: 0.1ms | Allocations: 36)
  Rendered layout layouts/application.html.erb (Duration: 5.9ms | Allocations: 4122)
Completed 200 OK in 7ms (Views: 6.3ms | ActiveRecord: 0.0ms | Allocations: 4436)


Started GET "/expenses/new" for ::1 at 2023-05-13 00:36:32 -0300
Processing by ExpensesController#new as HTML
  Rendering layout layouts/application.html.erb
  Rendering expenses/new.html.erb within layouts/application
  Rendered expenses/new.html.erb within layouts/application (Duration: 5.9ms | Allocations: 1511)
  Rendered shared/_menu.html.erb (Duration: 0.6ms | Allocations: 35)
  Rendered layout layouts/application.html.erb (Duration: 15.2ms | Allocations: 3771)
Completed 200 OK in 17ms (Views: 16.7ms | ActiveRecord: 0.0ms | Allocations: 4034)


Started GET "/expenses" for ::1 at 2023-05-13 00:38:31 -0300
Processing by ExpensesController#index as HTML
  Rendering layout layouts/application.html.erb
  Rendering expenses/index.html.erb within layouts/application
  [1m[36mExpense Load (0.3ms)[0m  [1m[34mSELECT "expenses".* FROM "expenses"[0m
  ↳ app/views/expenses/index.html.erb:4
  Rendered expenses/_expense.html.erb (Duration: 0.2ms | Allocations: 23)
  Rendered expenses/_expense.html.erb (Duration: 0.2ms | Allocations: 22)
  Rendered expenses/index.html.erb within layouts/application (Duration: 6.1ms | Allocations: 720)
  Rendered shared/_menu.html.erb (Duration: 0.2ms | Allocations: 34)
  Rendered layout layouts/application.html.erb (Duration: 15.9ms | Allocations: 3218)
Completed 200 OK in 18ms (Views: 17.0ms | ActiveRecord: 0.3ms | Allocations: 3477)


Started GET "/sua%20tia%20deeve%20tap%20elad" for ::1 at 2023-05-13 00:39:47 -0300
  
ActionController::RoutingError (No route matches [GET] "/sua%20tia%20deeve%20tap%20elad"):
  
Started GET "/expenses" for ::1 at 2023-05-13 00:39:53 -0300
Processing by ExpensesController#index as HTML
  Rendering layout layouts/application.html.erb
  Rendering expenses/index.html.erb within layouts/application
  [1m[36mExpense Load (0.2ms)[0m  [1m[34mSELECT "expenses".* FROM "expenses"[0m
  ↳ app/views/expenses/index.html.erb:4
  Rendered expenses/_expense.html.erb (Duration: 0.2ms | Allocations: 27)
  Rendered expenses/_expense.html.erb (Duration: 0.1ms | Allocations: 22)
  Rendered expenses/index.html.erb within layouts/application (Duration: 12.7ms | Allocations: 2789)
  Rendered shared/_menu.html.erb (Duration: 0.2ms | Allocations: 35)
  Rendered layout layouts/application.html.erb (Duration: 36.9ms | Allocations: 16705)
Completed 200 OK in 44ms (Views: 39.7ms | ActiveRecord: 2.0ms | Allocations: 17671)


Started GET "/expenses" for ::1 at 2023-05-13 01:26:36 -0300
Processing by ExpensesController#index as HTML
  Rendering layout layouts/application.html.erb
  Rendering expenses/index.html.erb within layouts/application
  [1m[36mExpense Load (0.1ms)[0m  [1m[34mSELECT "expenses".* FROM "expenses"[0m
  ↳ app/views/expenses/index.html.erb:4
  Rendered expenses/_expense.html.erb (Duration: 0.1ms | Allocations: 23)
  Rendered expenses/_expense.html.erb (Duration: 0.0ms | Allocations: 22)
  Rendered expenses/index.html.erb within layouts/application (Duration: 1.8ms | Allocations: 867)
  Rendered shared/_menu.html.erb (Duration: 0.1ms | Allocations: 34)
  Rendered layout layouts/application.html.erb (Duration: 5.2ms | Allocations: 3200)
Completed 200 OK in 6ms (Views: 5.5ms | ActiveRecord: 0.3ms | Allocations: 3458)


Started GET "/" for ::1 at 2023-05-17 21:00:56 -0300
  [1m[36mActiveRecord::SchemaMigration Pluck (0.1ms)[0m  [1m[34mSELECT "schema_migrations"."version" FROM "schema_migrations" ORDER BY "schema_migrations"."version" ASC[0m
Processing by PatrimonyController#index as HTML
  Rendering layout layouts/application.html.erb
  Rendering patrimony/index.html.erb within layouts/application
  Rendered patrimony/index.html.erb within layouts/application (Duration: 0.7ms | Allocations: 299)
  Rendered shared/_menu.html.erb (Duration: 0.5ms | Allocations: 207)
  Rendered layout layouts/application.html.erb (Duration: 29.3ms | Allocations: 35239)
Completed 200 OK in 48ms (Views: 30.9ms | ActiveRecord: 0.0ms | Allocations: 40150)


Started GET "/expenses" for ::1 at 2023-05-17 21:00:58 -0300
Processing by ExpensesController#index as HTML
  Rendering layout layouts/application.html.erb
  Rendering expenses/index.html.erb within layouts/application
  [1m[36mExpense Load (0.2ms)[0m  [1m[34mSELECT "expenses".* FROM "expenses"[0m
  ↳ app/views/expenses/index.html.erb:4
  Rendered expenses/_expense.html.erb (Duration: 0.6ms | Allocations: 225)
  Rendered expenses/_expense.html.erb (Duration: 0.0ms | Allocations: 22)
  Rendered expenses/index.html.erb within layouts/application (Duration: 11.9ms | Allocations: 18167)
  Rendered shared/_menu.html.erb (Duration: 0.1ms | Allocations: 39)
  Rendered layout layouts/application.html.erb (Duration: 13.8ms | Allocations: 20592)
Completed 200 OK in 18ms (Views: 14.3ms | ActiveRecord: 0.8ms | Allocations: 21693)


Started GET "/expenses" for ::1 at 2023-05-17 21:01:05 -0300
Processing by ExpensesController#index as HTML
  Rendering layout layouts/application.html.erb
  Rendering expenses/index.html.erb within layouts/application
  [1m[36mExpense Load (0.1ms)[0m  [1m[34mSELECT "expenses".* FROM "expenses"[0m
  ↳ app/views/expenses/index.html.erb:4
  Rendered expenses/_expense.html.erb (Duration: 0.1ms | Allocations: 23)
  Rendered expenses/_expense.html.erb (Duration: 0.0ms | Allocations: 22)
  Rendered expenses/index.html.erb within layouts/application (Duration: 1.0ms | Allocations: 727)
  Rendered shared/_menu.html.erb (Duration: 0.1ms | Allocations: 34)
  Rendered layout layouts/application.html.erb (Duration: 2.9ms | Allocations: 3147)
Completed 200 OK in 4ms (Views: 3.3ms | ActiveRecord: 0.1ms | Allocations: 3416)


Started GET "/expenses" for ::1 at 2023-05-17 21:01:24 -0300
Processing by ExpensesController#index as HTML
  Rendering layout layouts/application.html.erb
  Rendering expenses/index.html.erb within layouts/application
  [1m[36mExpense Load (0.1ms)[0m  [1m[34mSELECT "expenses".* FROM "expenses"[0m
  ↳ app/views/expenses/index.html.erb:4
  Rendered expenses/_expense.html.erb (Duration: 0.4ms | Allocations: 212)
  Rendered expenses/_expense.html.erb (Duration: 0.1ms | Allocations: 22)
  Rendered expenses/index.html.erb within layouts/application (Duration: 2.2ms | Allocations: 1168)
  Rendered shared/_menu.html.erb (Duration: 14.6ms | Allocations: 11502)
  Rendered layout layouts/application.html.erb (Duration: 20.4ms | Allocations: 15364)
Completed 500 Internal Server Error in 22ms (ActiveRecord: 0.1ms | Allocations: 16249)


  
ActionView::Template::Error (undefined local variable or method `patrimony_path' for #<ActionView::Base:0x0000000000bc20>):
    1: <nav>
    2:     <ul>
    3:         <li><%= link_to "Home", patrimony_path %></li>
    4:         <li><%= link_to "Expenses", expenses_path %></li>
    5:     </ul>
    6: </nav>
  
app/views/shared/_menu.html.erb:3
app/views/layouts/application.html.erb:15
Started GET "/expenses" for ::1 at 2023-05-17 21:01:40 -0300
Processing by ExpensesController#index as HTML
  Rendering layout layouts/application.html.erb
  Rendering expenses/index.html.erb within layouts/application
  [1m[36mExpense Load (0.1ms)[0m  [1m[34mSELECT "expenses".* FROM "expenses"[0m
  ↳ app/views/expenses/index.html.erb:4
  Rendered expenses/_expense.html.erb (Duration: 0.3ms | Allocations: 212)
  Rendered expenses/_expense.html.erb (Duration: 0.1ms | Allocations: 22)
  Rendered expenses/index.html.erb within layouts/application (Duration: 2.0ms | Allocations: 1160)
  Rendered shared/_menu.html.erb (Duration: 0.3ms | Allocations: 217)
  Rendered layout layouts/application.html.erb (Duration: 4.8ms | Allocations: 4086)
Completed 200 OK in 6ms (Views: 5.7ms | ActiveRecord: 0.1ms | Allocations: 4982)


Started GET "/" for ::1 at 2023-05-17 21:01:41 -0300
Processing by PatrimonyController#index as HTML
  Rendering layout layouts/application.html.erb
  Rendering patrimony/index.html.erb within layouts/application
  Rendered patrimony/index.html.erb within layouts/application (Duration: 0.5ms | Allocations: 100)
  Rendered shared/_menu.html.erb (Duration: 0.3ms | Allocations: 74)
  Rendered layout layouts/application.html.erb (Duration: 5.5ms | Allocations: 2556)
Completed 200 OK in 8ms (Views: 7.1ms | ActiveRecord: 0.0ms | Allocations: 3270)


Started GET "/expenses" for ::1 at 2023-05-17 21:01:43 -0300
Processing by ExpensesController#index as HTML
  Rendering layout layouts/application.html.erb
  Rendering expenses/index.html.erb within layouts/application
  [1m[36mExpense Load (0.1ms)[0m  [1m[34mSELECT "expenses".* FROM "expenses"[0m
  ↳ app/views/expenses/index.html.erb:4
  Rendered expenses/_expense.html.erb (Duration: 0.1ms | Allocations: 23)
  Rendered expenses/_expense.html.erb (Duration: 0.1ms | Allocations: 22)
  Rendered expenses/index.html.erb within layouts/application (Duration: 1.8ms | Allocations: 724)
  Rendered shared/_menu.html.erb (Duration: 0.1ms | Allocations: 60)
  Rendered layout layouts/application.html.erb (Duration: 5.5ms | Allocations: 3174)
Completed 200 OK in 6ms (Views: 5.9ms | ActiveRecord: 0.1ms | Allocations: 3434)


Started GET "/" for ::1 at 2023-05-17 21:01:43 -0300
Processing by PatrimonyController#index as HTML
  Rendering layout layouts/application.html.erb
  Rendering patrimony/index.html.erb within layouts/application
  Rendered patrimony/index.html.erb within layouts/application (Duration: 0.0ms | Allocations: 7)
  Rendered shared/_menu.html.erb (Duration: 0.1ms | Allocations: 68)
  Rendered layout layouts/application.html.erb (Duration: 2.7ms | Allocations: 2462)
Completed 200 OK in 4ms (Views: 3.1ms | ActiveRecord: 0.0ms | Allocations: 2712)


Started GET "/expenses" for ::1 at 2023-05-17 21:01:43 -0300
Processing by ExpensesController#index as HTML
  Rendering layout layouts/application.html.erb
  Rendering expenses/index.html.erb within layouts/application
  [1m[36mExpense Load (0.2ms)[0m  [1m[34mSELECT "expenses".* FROM "expenses"[0m
  ↳ app/views/expenses/index.html.erb:4
  Rendered expenses/_expense.html.erb (Duration: 0.1ms | Allocations: 23)
  Rendered expenses/_expense.html.erb (Duration: 0.1ms | Allocations: 22)
  Rendered expenses/index.html.erb within layouts/application (Duration: 2.1ms | Allocations: 719)
  Rendered shared/_menu.html.erb (Duration: 0.1ms | Allocations: 58)
  Rendered layout layouts/application.html.erb (Duration: 4.4ms | Allocations: 3151)
Completed 200 OK in 5ms (Views: 4.8ms | ActiveRecord: 0.2ms | Allocations: 3410)


